{
  "timestamp": "2025-04-02T19:15:57.771399",
  "build_command": "bazelisk build //packages/... -k --verbose_failures",
  "return_code": 1,
  "errors": {
    "Other Errors": [
      "ERROR: /Users/mpy/CascadeProjects/UmbraCore/packages/UmbraCoreTypes/Sources/SecurityInterfaces/DTOs/BUILD.bazel:3:20: Compiling Swift module //packages/UmbraCoreTypes/Sources/SecurityInterfaces/DTOs:SecurityInterfacesDTOs failed: (Exit 1): worker failed: error executing SwiftCompile command (from target //packages/UmbraCoreTypes/Sources/SecurityInterfaces/DTOs:SecurityInterfacesDTOs) ",
      "error: emit-module command failed with exit code 1 (use -v to see invocation)",
      "ERROR: /Users/mpy/CascadeProjects/UmbraCore/packages/UmbraImplementations/Sources/SecurityCryptoServices/ActorTypes/BUILD.bazel:3:20: Compiling Swift module //packages/UmbraImplementations/Sources/SecurityCryptoServices/ActorTypes:CryptoActorImplementations failed: (Exit 1): worker failed: error executing SwiftCompile command (from target //packages/UmbraImplementations/Sources/SecurityCryptoServices/ActorTypes:CryptoActorImplementations) ",
      "error: emit-module command failed with exit code 1 (use -v to see invocation)",
      "packages/UmbraImplementations/Sources/SecurityCryptoServices/ActorTypes/CryptoServiceActor.swift:70:22: error: cannot find 'SecurityProviderFactoryImpl' in scope",
      "    |                      `- error: cannot find 'SecurityProviderFactoryImpl' in scope",
      "packages/UmbraImplementations/Sources/SecurityCryptoServices/ActorTypes/CryptoServiceActor.swift:72:22: error: cannot find 'SecurityProviderFactoryImpl' in scope",
      "    |                      `- error: cannot find 'SecurityProviderFactoryImpl' in scope",
      "packages/UmbraImplementations/Sources/SecurityCryptoServices/ActorTypes/CryptoServiceActor.swift:76:38: error: incorrect argument labels in call (have 'algorithm:keySize:mode:options:', expected 'encryptionAlgorithm:hashAlgorithm:providerType:options:')",
      "    |                                      `- error: incorrect argument labels in call (have 'algorithm:keySize:mode:options:', expected 'encryptionAlgorithm:hashAlgorithm:providerType:options:')",
      "packages/UmbraImplementations/Sources/SecurityCryptoServices/ActorTypes/CryptoServiceActor.swift:77:20: error: cannot convert value of type 'String' to expected argument type 'EncryptionAlgorithm'",
      "    |                    `- error: cannot convert value of type 'String' to expected argument type 'EncryptionAlgorithm'",
      "packages/UmbraImplementations/Sources/SecurityCryptoServices/ActorTypes/CryptoServiceActor.swift:78:18: error: cannot convert value of type 'Int' to expected argument type 'HashAlgorithm'",
      "    |                  `- error: cannot convert value of type 'Int' to expected argument type 'HashAlgorithm'",
      "packages/UmbraImplementations/Sources/SecurityCryptoServices/ActorTypes/CryptoServiceActor.swift:79:15: error: cannot convert value of type 'String' to expected argument type 'SecurityProviderType'",
      "    |               `- error: cannot convert value of type 'String' to expected argument type 'SecurityProviderType'",
      "packages/UmbraImplementations/Sources/SecurityCryptoServices/ActorTypes/CryptoServiceActor.swift:80:18: error: cannot convert value of type '[AnyHashable : Any]' to expected argument type 'SecurityConfigOptions'",
      "    |                  `- error: cannot convert value of type '[AnyHashable : Any]' to expected argument type 'SecurityConfigOptions'",
      "packages/UmbraImplementations/Sources/SecurityCryptoServices/ActorTypes/CryptoServiceActor.swift:85:38: error: incorrect argument labels in call (have 'algorithm:keySize:mode:options:', expected 'encryptionAlgorithm:hashAlgorithm:providerType:options:')",
      "    |                                      `- error: incorrect argument labels in call (have 'algorithm:keySize:mode:options:', expected 'encryptionAlgorithm:hashAlgorithm:providerType:options:')",
      "packages/UmbraImplementations/Sources/SecurityCryptoServices/ActorTypes/CryptoServiceActor.swift:86:20: error: cannot convert value of type 'String' to expected argument type 'EncryptionAlgorithm'",
      "    |                    `- error: cannot convert value of type 'String' to expected argument type 'EncryptionAlgorithm'",
      "packages/UmbraImplementations/Sources/SecurityCryptoServices/ActorTypes/CryptoServiceActor.swift:87:18: error: cannot convert value of type 'Int' to expected argument type 'HashAlgorithm'",
      "    |                  `- error: cannot convert value of type 'Int' to expected argument type 'HashAlgorithm'",
      "packages/UmbraImplementations/Sources/SecurityCryptoServices/ActorTypes/CryptoServiceActor.swift:88:15: error: cannot convert value of type 'String' to expected argument type 'SecurityProviderType'",
      "    |               `- error: cannot convert value of type 'String' to expected argument type 'SecurityProviderType'",
      "packages/UmbraImplementations/Sources/SecurityCryptoServices/ActorTypes/CryptoServiceActor.swift:89:18: error: cannot convert value of type '[AnyHashable : Any]' to expected argument type 'SecurityConfigOptions'",
      "    |                  `- error: cannot convert value of type '[AnyHashable : Any]' to expected argument type 'SecurityConfigOptions'",
      "packages/UmbraImplementations/Sources/SecurityCryptoServices/ActorTypes/ProviderRegistryActor.swift:126:20: error: cannot find 'SecurityProviderFactoryImpl' in scope",
      "    |                    `- error: cannot find 'SecurityProviderFactoryImpl' in scope",
      "packages/UmbraImplementations/Sources/SecurityCryptoServices/ActorTypes/ProviderRegistryActor.swift:126:70: error: cannot infer contextual base in reference to member 'basic'",
      "    |                                                                      `- error: cannot infer contextual base in reference to member 'basic'",
      "packages/UmbraImplementations/Sources/SecurityCryptoServices/ActorTypes/ProviderRegistryActor.swift:132:22: error: cannot find 'SecurityProviderFactoryImpl' in scope",
      "    |                      `- error: cannot find 'SecurityProviderFactoryImpl' in scope",
      "packages/UmbraImplementations/Sources/SecurityCryptoServices/ActorTypes/ProviderRegistryActor.swift:132:72: error: cannot infer contextual base in reference to member 'apple'",
      "    |                                                                        `- error: cannot infer contextual base in reference to member 'apple'",
      "packages/UmbraImplementations/Sources/SecurityCryptoServices/ActorTypes/UmbraCrypto.swift:46:15: error: cannot find 'SecurityProviderFactoryImpl' in scope",
      "   |               `- error: cannot find 'SecurityProviderFactoryImpl' in scope",
      "packages/UmbraImplementations/Sources/SecurityCryptoServices/ActorTypes/CryptoServiceActor.swift:70:22: error: cannot find 'SecurityProviderFactoryImpl' in scope",
      "    |                      `- error: cannot find 'SecurityProviderFactoryImpl' in scope",
      "packages/UmbraImplementations/Sources/SecurityCryptoServices/ActorTypes/CryptoServiceActor.swift:72:22: error: cannot find 'SecurityProviderFactoryImpl' in scope",
      "    |                      `- error: cannot find 'SecurityProviderFactoryImpl' in scope",
      "packages/UmbraImplementations/Sources/SecurityCryptoServices/ActorTypes/CryptoServiceActor.swift:76:38: error: incorrect argument labels in call (have 'algorithm:keySize:mode:options:', expected 'encryptionAlgorithm:hashAlgorithm:providerType:options:')",
      "    |                                      `- error: incorrect argument labels in call (have 'algorithm:keySize:mode:options:', expected 'encryptionAlgorithm:hashAlgorithm:providerType:options:')",
      "packages/UmbraImplementations/Sources/SecurityCryptoServices/ActorTypes/CryptoServiceActor.swift:77:20: error: cannot convert value of type 'String' to expected argument type 'EncryptionAlgorithm'",
      "    |                    `- error: cannot convert value of type 'String' to expected argument type 'EncryptionAlgorithm'",
      "packages/UmbraImplementations/Sources/SecurityCryptoServices/ActorTypes/CryptoServiceActor.swift:78:18: error: cannot convert value of type 'Int' to expected argument type 'HashAlgorithm'",
      "    |                  `- error: cannot convert value of type 'Int' to expected argument type 'HashAlgorithm'",
      "packages/UmbraImplementations/Sources/SecurityCryptoServices/ActorTypes/CryptoServiceActor.swift:79:15: error: cannot convert value of type 'String' to expected argument type 'SecurityProviderType'",
      "    |               `- error: cannot convert value of type 'String' to expected argument type 'SecurityProviderType'",
      "packages/UmbraImplementations/Sources/SecurityCryptoServices/ActorTypes/CryptoServiceActor.swift:80:18: error: cannot convert value of type '[AnyHashable : Any]' to expected argument type 'SecurityConfigOptions'",
      "    |                  `- error: cannot convert value of type '[AnyHashable : Any]' to expected argument type 'SecurityConfigOptions'",
      "packages/UmbraImplementations/Sources/SecurityCryptoServices/ActorTypes/CryptoServiceActor.swift:85:38: error: incorrect argument labels in call (have 'algorithm:keySize:mode:options:', expected 'encryptionAlgorithm:hashAlgorithm:providerType:options:')",
      "    |                                      `- error: incorrect argument labels in call (have 'algorithm:keySize:mode:options:', expected 'encryptionAlgorithm:hashAlgorithm:providerType:options:')",
      "packages/UmbraImplementations/Sources/SecurityCryptoServices/ActorTypes/CryptoServiceActor.swift:86:20: error: cannot convert value of type 'String' to expected argument type 'EncryptionAlgorithm'",
      "    |                    `- error: cannot convert value of type 'String' to expected argument type 'EncryptionAlgorithm'",
      "packages/UmbraImplementations/Sources/SecurityCryptoServices/ActorTypes/CryptoServiceActor.swift:87:18: error: cannot convert value of type 'Int' to expected argument type 'HashAlgorithm'",
      "    |                  `- error: cannot convert value of type 'Int' to expected argument type 'HashAlgorithm'",
      "packages/UmbraImplementations/Sources/SecurityCryptoServices/ActorTypes/CryptoServiceActor.swift:88:15: error: cannot convert value of type 'String' to expected argument type 'SecurityProviderType'",
      "    |               `- error: cannot convert value of type 'String' to expected argument type 'SecurityProviderType'",
      "packages/UmbraImplementations/Sources/SecurityCryptoServices/ActorTypes/CryptoServiceActor.swift:89:18: error: cannot convert value of type '[AnyHashable : Any]' to expected argument type 'SecurityConfigOptions'",
      "    |                  `- error: cannot convert value of type '[AnyHashable : Any]' to expected argument type 'SecurityConfigOptions'",
      "packages/UmbraImplementations/Sources/SecurityCryptoServices/ActorTypes/CryptoServiceActor.swift:114:27: error: cannot find 'SecurityProviderFactoryImpl' in scope",
      "    |                           `- error: cannot find 'SecurityProviderFactoryImpl' in scope",
      "packages/UmbraImplementations/Sources/SecurityCryptoServices/ActorTypes/CryptoServiceActor.swift:116:38: error: incorrect argument labels in call (have 'algorithm:keySize:mode:options:', expected 'encryptionAlgorithm:hashAlgorithm:providerType:options:')",
      "    |                                      `- error: incorrect argument labels in call (have 'algorithm:keySize:mode:options:', expected 'encryptionAlgorithm:hashAlgorithm:providerType:options:')",
      "packages/UmbraImplementations/Sources/SecurityCryptoServices/ActorTypes/CryptoServiceActor.swift:117:20: error: cannot convert value of type 'String' to expected argument type 'EncryptionAlgorithm'",
      "    |                    `- error: cannot convert value of type 'String' to expected argument type 'EncryptionAlgorithm'",
      "packages/UmbraImplementations/Sources/SecurityCryptoServices/ActorTypes/CryptoServiceActor.swift:118:18: error: cannot convert value of type 'Int' to expected argument type 'HashAlgorithm'",
      "    |                  `- error: cannot convert value of type 'Int' to expected argument type 'HashAlgorithm'",
      "packages/UmbraImplementations/Sources/SecurityCryptoServices/ActorTypes/CryptoServiceActor.swift:119:15: error: cannot convert value of type 'String' to expected argument type 'SecurityProviderType'",
      "    |               `- error: cannot convert value of type 'String' to expected argument type 'SecurityProviderType'",
      "packages/UmbraImplementations/Sources/SecurityCryptoServices/ActorTypes/CryptoServiceActor.swift:120:18: error: cannot convert value of type '[AnyHashable : Any]' to expected argument type 'SecurityConfigOptions'",
      "    |                  `- error: cannot convert value of type '[AnyHashable : Any]' to expected argument type 'SecurityConfigOptions'",
      "packages/UmbraImplementations/Sources/SecurityCryptoServices/ActorTypes/CryptoServiceActor.swift:413:25: error: missing argument for parameter 'algorithm' in call",
      "    |                         `- error: missing argument for parameter 'algorithm' in call",
      "packages/UmbraImplementations/Sources/SecurityCryptoServices/ActorTypes/CryptoServiceActor.swift:669:18: error: no exact matches in call to instance method 'debug'",
      "    |                  `- error: no exact matches in call to instance method 'debug'",
      "packages/UmbraImplementations/Sources/SecurityCryptoServices/ActorTypes/CryptoServiceActor.swift:679:18: error: no exact matches in call to instance method 'info'",
      "    |                  `- error: no exact matches in call to instance method 'info'",
      "packages/UmbraImplementations/Sources/SecurityCryptoServices/ActorTypes/CryptoServiceActor.swift:689:18: error: no exact matches in call to instance method 'warning'",
      "    |                  `- error: no exact matches in call to instance method 'warning'",
      "packages/UmbraImplementations/Sources/SecurityCryptoServices/ActorTypes/CryptoServiceActor.swift:699:18: error: no exact matches in call to instance method 'error'",
      "    |                  `- error: no exact matches in call to instance method 'error'",
      "packages/UmbraImplementations/Sources/SecurityCryptoServices/ActorTypes/ProviderRegistryActor.swift:126:20: error: cannot find 'SecurityProviderFactoryImpl' in scope",
      "    |                    `- error: cannot find 'SecurityProviderFactoryImpl' in scope",
      "packages/UmbraImplementations/Sources/SecurityCryptoServices/ActorTypes/ProviderRegistryActor.swift:126:70: error: cannot infer contextual base in reference to member 'basic'",
      "    |                                                                      `- error: cannot infer contextual base in reference to member 'basic'",
      "packages/UmbraImplementations/Sources/SecurityCryptoServices/ActorTypes/ProviderRegistryActor.swift:132:22: error: cannot find 'SecurityProviderFactoryImpl' in scope",
      "    |                      `- error: cannot find 'SecurityProviderFactoryImpl' in scope",
      "packages/UmbraImplementations/Sources/SecurityCryptoServices/ActorTypes/ProviderRegistryActor.swift:132:72: error: cannot infer contextual base in reference to member 'apple'",
      "    |                                                                        `- error: cannot infer contextual base in reference to member 'apple'",
      "packages/UmbraImplementations/Sources/SecurityCryptoServices/ActorTypes/ProviderRegistryActor.swift:159:18: error: no exact matches in call to instance method 'debug'",
      "    |                  `- error: no exact matches in call to instance method 'debug'",
      "packages/UmbraImplementations/Sources/SecurityCryptoServices/ActorTypes/ProviderRegistryActor.swift:163:20: error: no exact matches in call to instance method 'warning'",
      "    |                    `- error: no exact matches in call to instance method 'warning'",
      "packages/UmbraImplementations/Sources/SecurityCryptoServices/ActorTypes/ProviderRegistryActor.swift:175:20: error: no exact matches in call to instance method 'debug'",
      "    |                    `- error: no exact matches in call to instance method 'debug'",
      "packages/UmbraImplementations/Sources/SecurityCryptoServices/ActorTypes/ProviderRegistryActor.swift:182:20: error: no exact matches in call to instance method 'error'",
      "    |                    `- error: no exact matches in call to instance method 'error'",
      "packages/UmbraImplementations/Sources/SecurityCryptoServices/ActorTypes/ProviderRegistryActor.swift:198:18: error: no exact matches in call to instance method 'debug'",
      "    |                  `- error: no exact matches in call to instance method 'debug'",
      "packages/UmbraImplementations/Sources/SecurityCryptoServices/ActorTypes/ProviderRegistryActor.swift:226:22: error: no exact matches in call to instance method 'debug'",
      "    |                      `- error: no exact matches in call to instance method 'debug'",
      "packages/UmbraImplementations/Sources/SecurityCryptoServices/ActorTypes/ProviderRegistryActor.swift:232:22: error: no exact matches in call to instance method 'warning'",
      "    |                      `- error: no exact matches in call to instance method 'warning'",
      "packages/UmbraImplementations/Sources/SecurityCryptoServices/ActorTypes/ProviderRegistryActor.swift:241:20: error: no exact matches in call to instance method 'error'",
      "    |                    `- error: no exact matches in call to instance method 'error'",
      "packages/UmbraImplementations/Sources/SecurityCryptoServices/ActorTypes/ProviderRegistryActor.swift:264:18: error: no exact matches in call to instance method 'debug'",
      "    |                  `- error: no exact matches in call to instance method 'debug'",
      "packages/UmbraImplementations/Sources/SecurityCryptoServices/ActorTypes/ProviderRegistryActor.swift:281:22: error: no exact matches in call to instance method 'debug'",
      "    |                      `- error: no exact matches in call to instance method 'debug'",
      "packages/UmbraImplementations/Sources/SecurityCryptoServices/ActorTypes/ProviderRegistryActor.swift:287:22: error: no exact matches in call to instance method 'warning'",
      "    |                      `- error: no exact matches in call to instance method 'warning'",
      "packages/UmbraImplementations/Sources/SecurityCryptoServices/ActorTypes/ProviderRegistryActor.swift:301:20: error: no exact matches in call to instance method 'debug'",
      "    |                    `- error: no exact matches in call to instance method 'debug'",
      "packages/UmbraImplementations/Sources/SecurityCryptoServices/ActorTypes/ProviderRegistryActor.swift:310:20: error: no exact matches in call to instance method 'warning'",
      "    |                    `- error: no exact matches in call to instance method 'warning'",
      "packages/UmbraImplementations/Sources/SecurityCryptoServices/ActorTypes/ProviderRegistryActor.swift:319:24: error: no exact matches in call to instance method 'warning'",
      "    |                        `- error: no exact matches in call to instance method 'warning'",
      "packages/UmbraImplementations/Sources/SecurityCryptoServices/ActorTypes/ProviderRegistryActor.swift:325:24: error: no exact matches in call to instance method 'error'",
      "    |                        `- error: no exact matches in call to instance method 'error'",
      "packages/UmbraImplementations/Sources/SecurityCryptoServices/ActorTypes/ProviderRegistryActor.swift:346:18: error: no exact matches in call to instance method 'debug'",
      "    |                  `- error: no exact matches in call to instance method 'debug'",
      "packages/UmbraImplementations/Sources/SecurityCryptoServices/ActorTypes/ProviderRegistryActor.swift:353:22: error: no exact matches in call to instance method 'debug'",
      "    |                      `- error: no exact matches in call to instance method 'debug'",
      "packages/UmbraImplementations/Sources/SecurityCryptoServices/ActorTypes/ProviderRegistryActor.swift:359:22: error: no exact matches in call to instance method 'warning'",
      "    |                      `- error: no exact matches in call to instance method 'warning'",
      "packages/UmbraImplementations/Sources/SecurityCryptoServices/ActorTypes/ProviderRegistryActor.swift:371:22: error: no exact matches in call to instance method 'warning'",
      "    |                      `- error: no exact matches in call to instance method 'warning'",
      "packages/UmbraImplementations/Sources/SecurityCryptoServices/ActorTypes/ProviderRegistryActor.swift:377:22: error: no exact matches in call to instance method 'error'",
      "    |                      `- error: no exact matches in call to instance method 'error'",
      "packages/UmbraImplementations/Sources/SecurityCryptoServices/ActorTypes/UmbraCrypto.swift:46:15: error: cannot find 'SecurityProviderFactoryImpl' in scope",
      "   |               `- error: cannot find 'SecurityProviderFactoryImpl' in scope",
      "packages/UmbraImplementations/Sources/SecurityCryptoServices/ActorTypes/UmbraCrypto.swift:75:27: error: cannot find 'SecurityProviderFactoryImpl' in scope",
      "   |                           `- error: cannot find 'SecurityProviderFactoryImpl' in scope",
      "packages/UmbraImplementations/Sources/SecurityCryptoServices/ActorTypes/UmbraCrypto.swift:87:15: error: cannot find 'SecurityProviderFactoryImpl' in scope",
      "   |               `- error: cannot find 'SecurityProviderFactoryImpl' in scope",
      "ERROR: /Users/mpy/CascadeProjects/UmbraCore/packages/UmbraImplementations/Sources/APIServices/BUILD.bazel:3:20: Compiling Swift module //packages/UmbraImplementations/Sources/APIServices:APIServices failed: (Exit 1): worker failed: error executing SwiftCompile command (from target //packages/UmbraImplementations/Sources/APIServices:APIServices) ",
      "error: emit-module command failed with exit code 1 (use -v to see invocation)",
      "packages/UmbraImplementations/Sources/APIServices/APIServiceActor.swift:1:8: error: no such module 'APIInterfaces'",
      "    |        `- error: no such module 'APIInterfaces'",
      "packages/UmbraImplementations/Sources/APIServices/APIServiceActor.swift:1:8: error: no such module 'APIInterfaces'",
      "    |        `- error: no such module 'APIInterfaces'",
      "ERROR: /Users/mpy/CascadeProjects/UmbraCore/packages/UmbraImplementations/Sources/CryptoXPCServices/BUILD.bazel:3:14: Compiling Swift module //packages/UmbraImplementations/Sources/CryptoXPCServices:CryptoXPCServices failed: (Exit 1): worker failed: error executing SwiftCompile command (from target //packages/UmbraImplementations/Sources/CryptoXPCServices:CryptoXPCServices) ",
      "error: emit-module command failed with exit code 1 (use -v to see invocation)",
      "packages/UmbraImplementations/Sources/CryptoXPCServices/CryptoXPCServiceActor.swift:78:46: error: no type named 'Crypto' in module 'UmbraErrors'",
      "    |                                              `- error: no type named 'Crypto' in module 'UmbraErrors'",
      "packages/UmbraImplementations/Sources/CryptoXPCServices/CryptoXPCServiceActor.swift:144:46: error: no type named 'Crypto' in module 'UmbraErrors'",
      "    |                                              `- error: no type named 'Crypto' in module 'UmbraErrors'",
      "packages/UmbraImplementations/Sources/CryptoXPCServices/CryptoXPCServiceActor.swift:214:41: error: no type named 'Crypto' in module 'UmbraErrors'",
      "    |                                         `- error: no type named 'Crypto' in module 'UmbraErrors'",
      "packages/UmbraImplementations/Sources/CryptoXPCServices/CryptoXPCServiceActor.swift:278:46: error: no type named 'Crypto' in module 'UmbraErrors'",
      "    |                                              `- error: no type named 'Crypto' in module 'UmbraErrors'",
      "packages/UmbraImplementations/Sources/CryptoXPCServices/CryptoXPCServiceActor.swift:329:41: error: no type named 'Crypto' in module 'UmbraErrors'",
      "    |                                         `- error: no type named 'Crypto' in module 'UmbraErrors'",
      "packages/UmbraImplementations/Sources/CryptoXPCServices/CryptoXPCServiceActor.swift:383:39: error: no type named 'Crypto' in module 'UmbraErrors'",
      "    |                                       `- error: no type named 'Crypto' in module 'UmbraErrors'",
      "packages/UmbraImplementations/Sources/CryptoXPCServices/CryptoXPCServiceActor.swift:438:46: error: no type named 'Crypto' in module 'UmbraErrors'",
      "    |                                              `- error: no type named 'Crypto' in module 'UmbraErrors'",
      "packages/UmbraImplementations/Sources/CryptoXPCServices/CryptoXPCServiceActor.swift:506:39: error: no type named 'Crypto' in module 'UmbraErrors'",
      "    |                                       `- error: no type named 'Crypto' in module 'UmbraErrors'",
      "packages/UmbraImplementations/Sources/CryptoXPCServices/CryptoXPCServiceActor.swift:575:46: error: no type named 'Crypto' in module 'UmbraErrors'",
      "    |                                              `- error: no type named 'Crypto' in module 'UmbraErrors'",
      "packages/UmbraImplementations/Sources/CryptoXPCServices/CryptoXPCServiceActor.swift:625:46: error: no type named 'Crypto' in module 'UmbraErrors'",
      "    |                                              `- error: no type named 'Crypto' in module 'UmbraErrors'",
      "packages/UmbraImplementations/Sources/CryptoXPCServices/CryptoServiceMonitor.swift:262:21: error: extraneous argument labels 'level:message:' in call",
      "    |                     `- error: extraneous argument labels 'level:message:' in call",
      "packages/UmbraImplementations/Sources/CryptoXPCServices/CryptoServiceMonitor.swift:265:34: error: missing argument for parameter 'source' in call",
      "    |                                  `- error: missing argument for parameter 'source' in call",
      "packages/UmbraImplementations/Sources/CryptoXPCServices/CryptoServiceMonitor.swift:273:21: error: extraneous argument labels 'level:message:' in call",
      "    |                     `- error: extraneous argument labels 'level:message:' in call",
      "packages/UmbraImplementations/Sources/CryptoXPCServices/CryptoServiceMonitor.swift:276:34: error: missing argument for parameter 'source' in call",
      "    |                                  `- error: missing argument for parameter 'source' in call",
      "packages/UmbraImplementations/Sources/CryptoXPCServices/CryptoServiceMonitor.swift:288:21: error: extraneous argument labels 'level:message:' in call",
      "    |                     `- error: extraneous argument labels 'level:message:' in call",
      "packages/UmbraImplementations/Sources/CryptoXPCServices/CryptoServiceMonitor.swift:291:24: error: missing argument for parameter 'source' in call",
      "    |                        `- error: missing argument for parameter 'source' in call",
      "packages/UmbraImplementations/Sources/CryptoXPCServices/CryptoServiceMonitor.swift:303:21: error: extraneous argument labels 'level:message:' in call",
      "    |                     `- error: extraneous argument labels 'level:message:' in call",
      "packages/UmbraImplementations/Sources/CryptoXPCServices/CryptoServiceMonitor.swift:306:24: error: missing argument for parameter 'source' in call",
      "    |                        `- error: missing argument for parameter 'source' in call",
      "packages/UmbraImplementations/Sources/CryptoXPCServices/CryptoXPCServiceActor.swift:78:46: error: no type named 'Crypto' in module 'UmbraErrors'",
      "    |                                              `- error: no type named 'Crypto' in module 'UmbraErrors'",
      "packages/UmbraImplementations/Sources/CryptoXPCServices/CryptoXPCServiceActor.swift:144:46: error: no type named 'Crypto' in module 'UmbraErrors'",
      "    |                                              `- error: no type named 'Crypto' in module 'UmbraErrors'",
      "packages/UmbraImplementations/Sources/CryptoXPCServices/CryptoXPCServiceActor.swift:214:41: error: no type named 'Crypto' in module 'UmbraErrors'",
      "    |                                         `- error: no type named 'Crypto' in module 'UmbraErrors'",
      "packages/UmbraImplementations/Sources/CryptoXPCServices/CryptoXPCServiceActor.swift:278:46: error: no type named 'Crypto' in module 'UmbraErrors'",
      "    |                                              `- error: no type named 'Crypto' in module 'UmbraErrors'",
      "packages/UmbraImplementations/Sources/CryptoXPCServices/CryptoXPCServiceActor.swift:329:41: error: no type named 'Crypto' in module 'UmbraErrors'",
      "    |                                         `- error: no type named 'Crypto' in module 'UmbraErrors'",
      "packages/UmbraImplementations/Sources/CryptoXPCServices/CryptoXPCServiceActor.swift:383:39: error: no type named 'Crypto' in module 'UmbraErrors'",
      "    |                                       `- error: no type named 'Crypto' in module 'UmbraErrors'",
      "packages/UmbraImplementations/Sources/CryptoXPCServices/CryptoXPCServiceActor.swift:438:46: error: no type named 'Crypto' in module 'UmbraErrors'",
      "    |                                              `- error: no type named 'Crypto' in module 'UmbraErrors'",
      "packages/UmbraImplementations/Sources/CryptoXPCServices/CryptoXPCServiceActor.swift:506:39: error: no type named 'Crypto' in module 'UmbraErrors'",
      "    |                                       `- error: no type named 'Crypto' in module 'UmbraErrors'",
      "packages/UmbraImplementations/Sources/CryptoXPCServices/CryptoXPCServiceActor.swift:575:46: error: no type named 'Crypto' in module 'UmbraErrors'",
      "    |                                              `- error: no type named 'Crypto' in module 'UmbraErrors'",
      "packages/UmbraImplementations/Sources/CryptoXPCServices/CryptoXPCServiceActor.swift:625:46: error: no type named 'Crypto' in module 'UmbraErrors'",
      "    |                                              `- error: no type named 'Crypto' in module 'UmbraErrors'",
      "packages/UmbraImplementations/Sources/CryptoXPCServices/CryptoXPCServiceActor.swift:231:25: error: cannot find 'TimePointDTO' in scope",
      "    |                         `- error: cannot find 'TimePointDTO' in scope",
      "packages/UmbraImplementations/Sources/CryptoXPCServices/CryptoXPCServiceActor.swift:674:21: error: extraneous argument labels 'level:message:' in call",
      "    |                     `- error: extraneous argument labels 'level:message:' in call",
      "packages/UmbraImplementations/Sources/CryptoXPCServices/CryptoXPCServiceActor.swift:677:34: error: missing argument for parameter 'source' in call",
      "    |                                  `- error: missing argument for parameter 'source' in call",
      "packages/UmbraImplementations/Sources/CryptoXPCServices/CryptoXPCServiceActor.swift:685:21: error: extraneous argument labels 'level:message:' in call",
      "    |                     `- error: extraneous argument labels 'level:message:' in call",
      "packages/UmbraImplementations/Sources/CryptoXPCServices/CryptoXPCServiceActor.swift:688:34: error: missing argument for parameter 'source' in call",
      "    |                                  `- error: missing argument for parameter 'source' in call",
      "packages/UmbraImplementations/Sources/CryptoXPCServices/CryptoXPCServiceActor.swift:700:21: error: extraneous argument labels 'level:message:' in call",
      "    |                     `- error: extraneous argument labels 'level:message:' in call",
      "packages/UmbraImplementations/Sources/CryptoXPCServices/CryptoXPCServiceActor.swift:703:24: error: missing argument for parameter 'source' in call",
      "    |                        `- error: missing argument for parameter 'source' in call",
      "packages/UmbraImplementations/Sources/CryptoXPCServices/CryptoXPCServiceFactory.swift:30:30: error: cannot find 'CryptoProviderFactory' in scope",
      "   |                              `- error: cannot find 'CryptoProviderFactory' in scope",
      "packages/UmbraImplementations/Sources/CryptoXPCServices/CryptoXPCServiceFactory.swift:31:24: error: cannot find 'KeyStoreFactory' in scope",
      "   |                        `- error: cannot find 'KeyStoreFactory' in scope",
      "packages/UmbraImplementations/Sources/CryptoXPCServices/CryptoXPCServiceFactory.swift:81:30: error: cannot find 'CryptoProviderFactory' in scope",
      "   |                              `- error: cannot find 'CryptoProviderFactory' in scope",
      "packages/UmbraImplementations/Sources/CryptoXPCServices/CryptoXPCServiceFactory.swift:82:24: error: cannot find 'KeyStoreFactory' in scope",
      "   |                        `- error: cannot find 'KeyStoreFactory' in scope",
      "ERROR: /Users/mpy/CascadeProjects/UmbraCore/packages/UmbraImplementations/Sources/ConfigServices/BUILD.bazel:3:20: Compiling Swift module //packages/UmbraImplementations/Sources/ConfigServices:ConfigServices failed: (Exit 1): worker failed: error executing SwiftCompile command (from target //packages/UmbraImplementations/Sources/ConfigServices:ConfigServices) ",
      "error: emit-module command failed with exit code 1 (use -v to see invocation)",
      "packages/UmbraImplementations/Sources/ConfigServices/ConfigurationServiceActor.swift:2:8: error: no such module 'CoreTypesInterfaces'",
      "    |        `- error: no such module 'CoreTypesInterfaces'",
      "packages/UmbraImplementations/Sources/ConfigServices/ConfigurationServiceActor.swift:2:8: error: no such module 'CoreTypesInterfaces'",
      "    |        `- error: no such module 'CoreTypesInterfaces'",
      "ERROR: /Users/mpy/CascadeProjects/UmbraCore/packages/UmbraInterfaces/Sources/FileSystemInterfaces/BUILD.bazel:3:20: Compiling Swift module //packages/UmbraInterfaces/Sources/FileSystemInterfaces:FileSystemInterfaces failed: (Exit 1): worker failed: error executing SwiftCompile command (from target //packages/UmbraInterfaces/Sources/FileSystemInterfaces:FileSystemInterfaces) ",
      "error: emit-module command failed with exit code 1 (use -v to see invocation)",
      "packages/UmbraInterfaces/Sources/FileSystemInterfaces/Types/FileAttributes.swift:41:60: error: expected ']' in array type",
      "   |                                                     |      `- error: expected ']' in array type",
      "packages/UmbraInterfaces/Sources/FileSystemInterfaces/Types/FileAttributes.swift:41:60: error: consecutive declarations on a line must be separated by ';'",
      "   |                                                            `- error: consecutive declarations on a line must be separated by ';'",
      "packages/UmbraInterfaces/Sources/FileSystemInterfaces/Types/FileAttributes.swift:41:60: error: expected declaration",
      "   |                                                            `- error: expected declaration",
      "   |                                                 |               `- error: expected ']' in array type",
      "   |                                                                 `- error: consecutive declarations on a line must be separated by ';'",
      "   |                                                                 `- error: expected declaration",
      "packages/UmbraInterfaces/Sources/FileSystemInterfaces/Types/FileAttributes.swift:41:34: error: 'unchecked' attribute only applies in inheritance clauses",
      "   |                                  `- error: 'unchecked' attribute only applies in inheritance clauses",
      "   |                              `- error: 'unchecked' attribute only applies in inheritance clauses",
      "packages/UmbraInterfaces/Sources/FileSystemInterfaces/Types/FileAttributes.swift:41:60: error: expected ']' in array type",
      "   |                                                     |      `- error: expected ']' in array type",
      "packages/UmbraInterfaces/Sources/FileSystemInterfaces/Types/FileAttributes.swift:41:60: error: consecutive declarations on a line must be separated by ';'",
      "   |                                                            `- error: consecutive declarations on a line must be separated by ';'",
      "packages/UmbraInterfaces/Sources/FileSystemInterfaces/Types/FileAttributes.swift:41:60: error: expected declaration",
      "   |                                                            `- error: expected declaration",
      "   |                                                 |               `- error: expected ']' in array type",
      "   |                                                                 `- error: consecutive declarations on a line must be separated by ';'",
      "   |                                                                 `- error: expected declaration",
      "packages/UmbraInterfaces/Sources/FileSystemInterfaces/Types/FileAttributes.swift:41:34: error: 'unchecked' attribute only applies in inheritance clauses",
      "   |                                  `- error: 'unchecked' attribute only applies in inheritance clauses",
      "   |                              `- error: 'unchecked' attribute only applies in inheritance clauses",
      "ERROR: /Users/mpy/CascadeProjects/UmbraCore/packages/UmbraImplementations/Sources/CoreServices/BUILD.bazel:3:20: Compiling Swift module //packages/UmbraImplementations/Sources/CoreServices:CoreServices failed: (Exit 1): worker failed: error executing SwiftCompile command (from target //packages/UmbraImplementations/Sources/CoreServices:CoreServices) ",
      "error: emit-module command failed with exit code 1 (use -v to see invocation)",
      "packages/UmbraImplementations/Sources/CoreServices/Factory/CoreServiceFactory.swift:4:8: error: no such module 'LoggingServices'",
      "   |        `- error: no such module 'LoggingServices'",
      "packages/UmbraImplementations/Sources/CoreServices/Factory/CoreServiceFactory.swift:4:8: error: no such module 'LoggingServices'",
      "   |        `- error: no such module 'LoggingServices'",
      "ERROR: /Users/mpy/CascadeProjects/UmbraCore/packages/UmbraImplementations/Sources/LoggingAdapters/BUILD.bazel:3:20: Compiling Swift module //packages/UmbraImplementations/Sources/LoggingAdapters:LoggingAdapters failed: (Exit 1): worker failed: error executing SwiftCompile command (from target //packages/UmbraImplementations/Sources/LoggingAdapters:LoggingAdapters) ",
      "error: emit-module command failed with exit code 1 (use -v to see invocation)",
      "packages/UmbraImplementations/Sources/LoggingAdapters/SecurityLogger.swift:3:8: error: no such module 'LoggingServices'",
      "    |        `- error: no such module 'LoggingServices'",
      "packages/UmbraImplementations/Sources/LoggingAdapters/SecurityLogger.swift:3:8: error: no such module 'LoggingServices'",
      "    |        `- error: no such module 'LoggingServices'",
      "ERROR: /Users/mpy/CascadeProjects/UmbraCore/packages/UmbraImplementations/Sources/ResticServices/BUILD.bazel:3:20: Compiling Swift module //packages/UmbraImplementations/Sources/ResticServices:ResticServices failed: (Exit 1): worker failed: error executing SwiftCompile command (from target //packages/UmbraImplementations/Sources/ResticServices:ResticServices) ",
      "error: emit-module command failed with exit code 1 (use -v to see invocation)",
      "packages/UmbraImplementations/Sources/ResticServices/Implementation/ResticServiceImpl.swift:64:35: error: incorrect argument label in call (have 'logger:', expected 'underlyingLogger:')",
      "    |                                   `- error: incorrect argument label in call (have 'logger:', expected 'underlyingLogger:')",
      "packages/UmbraImplementations/Sources/ResticServices/Implementation/ResticServiceImpl.swift:85:5: error: the compiler is unable to type-check this expression in reasonable time; try breaking up the expression into distinct sub-expressions",
      "    |     `- error: the compiler is unable to type-check this expression in reasonable time; try breaking up the expression into distinct sub-expressions",
      "43 |     _ error: Error,",
      "packages/UmbraImplementations/Sources/ResticServices/Implementation/ResticServiceImpl.swift:425:8: error: unary operator cannot be separated from its operand",
      "    |        `- error: unary operator cannot be separated from its operand",
      "packages/UmbraImplementations/Sources/ResticServices/Implementation/ResticServiceImpl.swift:425:16: error: expected '{' after 'if' condition",
      "    |                `- error: expected '{' after 'if' condition",
      "packages/UmbraImplementations/Sources/ResticServices/Implementation/ResticServiceImpl.swift:618:7: error: unary operator cannot be separated from its operand",
      "    |       `- error: unary operator cannot be separated from its operand",
      "packages/UmbraImplementations/Sources/ResticServices/Implementation/ResticServiceImpl.swift:618:15: error: expected '{' after 'if' condition",
      "    |               `- error: expected '{' after 'if' condition",
      "packages/UmbraImplementations/Sources/ResticServices/Credentials/KeychainResticCredentialManager.swift:52:62: error: incorrect argument label in call (have 'forAccount:serviceIdentifier:', expected 'forAccount:keyIdentifier:')",
      "    |                                                              `- error: incorrect argument label in call (have 'forAccount:serviceIdentifier:', expected 'forAccount:keyIdentifier:')",
      "packages/UmbraImplementations/Sources/ResticServices/Credentials/KeychainResticCredentialManager.swift:173:51: error: incorrect argument label in call (have 'forAccount:serviceIdentifier:', expected 'forAccount:keyIdentifier:')",
      "    |                                                   `- error: incorrect argument label in call (have 'forAccount:serviceIdentifier:', expected 'forAccount:keyIdentifier:')",
      "packages/UmbraImplementations/Sources/ResticServices/Factory/ResticServiceFactory.swift:52:11: error: 'async' property access in a function that does not support concurrency",
      "    |           `- error: 'async' property access in a function that does not support concurrency",
      "packages/UmbraImplementations/Sources/ResticServices/Factory/ResticServiceFactory.swift:169:11: error: 'async' property access in a function that does not support concurrency",
      "    |           `- error: 'async' property access in a function that does not support concurrency",
      "packages/UmbraImplementations/Sources/ResticServices/Implementation/ResticCommand.swift:113:13: error: member 'init(rawValue:)' expects argument of type 'String'",
      "    |             `- error: member 'init(rawValue:)' expects argument of type 'String'",
      "packages/UmbraImplementations/Sources/ResticServices/Implementation/ResticServiceImpl.swift:64:35: error: incorrect argument label in call (have 'logger:', expected 'underlyingLogger:')",
      "    |                                   `- error: incorrect argument label in call (have 'logger:', expected 'underlyingLogger:')",
      "packages/UmbraImplementations/Sources/ResticServices/Implementation/ResticServiceImpl.swift:85:5: error: the compiler is unable to type-check this expression in reasonable time; try breaking up the expression into distinct sub-expressions",
      "    |     `- error: the compiler is unable to type-check this expression in reasonable time; try breaking up the expression into distinct sub-expressions",
      "packages/UmbraImplementations/Sources/ResticServices/Implementation/ResticServiceImpl.swift:304:7: error: initializer for conditional binding must have Optional type, not 'String'",
      "    |       `- error: initializer for conditional binding must have Optional type, not 'String'",
      "packages/UmbraImplementations/Sources/ResticServices/Implementation/ResticServiceImpl.swift:305:7: error: initializer for conditional binding must have Optional type, not 'ResticCredentials'",
      "    |       `- error: initializer for conditional binding must have Optional type, not 'ResticCredentials'",
      "packages/UmbraImplementations/Sources/ResticServices/Implementation/ResticServiceImpl.swift:330:24: error: extra argument 'privacyLevel' in call",
      "    |                        `- error: extra argument 'privacyLevel' in call",
      "packages/UmbraImplementations/Sources/ResticServices/Implementation/ResticServiceImpl.swift:330:24: error: cannot infer contextual base in reference to member 'public'",
      "    |                        `- error: cannot infer contextual base in reference to member 'public'",
      "packages/UmbraImplementations/Sources/ResticServices/Implementation/ResticServiceImpl.swift:415:16: error: member 'init(rawValue:)' expects argument of type 'String'",
      "    |                `- error: member 'init(rawValue:)' expects argument of type 'String'",
      "packages/UmbraImplementations/Sources/ResticServices/Implementation/ResticServiceImpl.swift:425:10: error: cannot find 'await' in scope",
      "    |          `- error: cannot find 'await' in scope",
      "packages/UmbraImplementations/Sources/ResticServices/Implementation/ResticServiceImpl.swift:476:34: error: cannot convert value of type 'ResticCheckCommandImpl' to expected argument type 'ResticCommand'",
      "    |                                  `- error: cannot convert value of type 'ResticCheckCommandImpl' to expected argument type 'ResticCommand'",
      "packages/UmbraImplementations/Sources/ResticServices/Implementation/ResticServiceImpl.swift:517:34: error: cannot convert value of type 'ResticSnapshotsCommandImpl' to expected argument type 'ResticCommand'",
      "    |                                  `- error: cannot convert value of type 'ResticSnapshotsCommandImpl' to expected argument type 'ResticCommand'",
      "packages/UmbraImplementations/Sources/ResticServices/Implementation/ResticServiceImpl.swift:605:38: error: cannot infer contextual base in reference to member 'string'",
      "    |                                      `- error: cannot infer contextual base in reference to member 'string'",
      "packages/UmbraImplementations/Sources/ResticServices/Implementation/ResticServiceImpl.swift:606:44: error: cannot infer contextual base in reference to member 'string'",
      "    |                                            `- error: cannot infer contextual base in reference to member 'string'",
      "packages/UmbraImplementations/Sources/ResticServices/Implementation/ResticServiceImpl.swift:618:9: error: cannot find 'await' in scope",
      "    |         `- error: cannot find 'await' in scope",
      "packages/UmbraImplementations/Sources/ResticServices/Implementation/ResticServiceImpl.swift:720:31: error: cannot use optional chaining on non-optional value of type '[String]'",
      "    |                               `- error: cannot use optional chaining on non-optional value of type '[String]'",
      "packages/UmbraImplementations/Sources/ResticServices/Implementation/ResticServiceImpl.swift:743:31: error: cannot use optional chaining on non-optional value of type '[String]'",
      "    |                               `- error: cannot use optional chaining on non-optional value of type '[String]'",
      "packages/UmbraImplementations/Sources/ResticServices/Implementation/ResticServiceImpl.swift:785:34: error: cannot convert value of type 'ResticMaintenanceCommandImpl' to expected argument type 'ResticCommand'",
      "    |                                  `- error: cannot convert value of type 'ResticMaintenanceCommandImpl' to expected argument type 'ResticCommand'",
      "43 |     _ error: Error,",
      "packages/UmbraImplementations/Sources/ResticServices/Logging/ResticLogger.swift:63:7: error: cannot convert value of type 'PrivacyAnnotatedString' to expected argument type 'String'",
      "    |       `- error: cannot convert value of type 'PrivacyAnnotatedString' to expected argument type 'String'",
      "packages/UmbraImplementations/Sources/ResticServices/Logging/ResticLogger.swift:130:7: error: cannot convert value of type 'PrivacyString' to expected argument type 'String'",
      "    |       `- error: cannot convert value of type 'PrivacyString' to expected argument type 'String'",
      "ERROR: Build did NOT complete successfully"
    ],
    "Missing Type or Member": [
      "packages/UmbraCoreTypes/Sources/SecurityInterfaces/DTOs/SecurityConfigurationDTO.swift:40:28: error: type 'RandomizationOptionsDTO' has no member 'highEntropy'",
      "   |                            `- error: type 'RandomizationOptionsDTO' has no member 'highEntropy'",
      "packages/UmbraCoreTypes/Sources/SecurityInterfaces/DTOs/SecurityConfigurationDTO.swift:47:28: error: type 'RandomizationOptionsDTO' has no member 'fast'",
      "   |                            `- error: type 'RandomizationOptionsDTO' has no member 'fast'",
      "packages/UmbraCoreTypes/Sources/SecurityInterfaces/DTOs/SecurityConfigurationDTO.swift:40:28: error: type 'RandomizationOptionsDTO' has no member 'highEntropy'",
      "   |                            `- error: type 'RandomizationOptionsDTO' has no member 'highEntropy'",
      "packages/UmbraCoreTypes/Sources/SecurityInterfaces/DTOs/SecurityConfigurationDTO.swift:47:28: error: type 'RandomizationOptionsDTO' has no member 'fast'",
      "   |                            `- error: type 'RandomizationOptionsDTO' has no member 'fast'",
      "packages/UmbraImplementations/Sources/SecurityCryptoServices/ActorTypes/CryptoServiceActor.swift:65:49: error: type 'LoggingServiceFactory' has no member 'createDefaultLogger'",
      "    |                                                 `- error: type 'LoggingServiceFactory' has no member 'createDefaultLogger'",
      "packages/UmbraImplementations/Sources/SecurityCryptoServices/ActorTypes/ProviderRegistryActor.swift:131:28: error: type 'SecurityProviderType' has no member 'apple'",
      "    |                            `- error: type 'SecurityProviderType' has no member 'apple'",
      "packages/UmbraImplementations/Sources/SecurityCryptoServices/ActorTypes/CryptoServiceActor.swift:65:49: error: type 'LoggingServiceFactory' has no member 'createDefaultLogger'",
      "    |                                                 `- error: type 'LoggingServiceFactory' has no member 'createDefaultLogger'",
      "packages/UmbraImplementations/Sources/SecurityCryptoServices/ActorTypes/CryptoServiceActor.swift:152:45: error: value of type 'SecurityConfigDTO' has no member 'algorithm'",
      "    |                                             `- error: value of type 'SecurityConfigDTO' has no member 'algorithm'",
      "packages/UmbraImplementations/Sources/SecurityCryptoServices/ActorTypes/CryptoServiceActor.swift:228:45: error: value of type 'SecurityConfigDTO' has no member 'algorithm'",
      "    |                                             `- error: value of type 'SecurityConfigDTO' has no member 'algorithm'",
      "packages/UmbraImplementations/Sources/SecurityCryptoServices/ActorTypes/CryptoServiceActor.swift:297:45: error: value of type 'SecurityConfigDTO' has no member 'algorithm'",
      "    |                                             `- error: value of type 'SecurityConfigDTO' has no member 'algorithm'",
      "packages/UmbraImplementations/Sources/SecurityCryptoServices/ActorTypes/CryptoServiceActor.swift:351:45: error: value of type 'SecurityConfigDTO' has no member 'algorithm'",
      "    |                                             `- error: value of type 'SecurityConfigDTO' has no member 'algorithm'",
      "packages/UmbraImplementations/Sources/SecurityCryptoServices/ActorTypes/CryptoServiceActor.swift:462:45: error: value of type 'SecurityConfigDTO' has no member 'algorithm'",
      "    |                                             `- error: value of type 'SecurityConfigDTO' has no member 'algorithm'",
      "packages/UmbraImplementations/Sources/SecurityCryptoServices/ActorTypes/CryptoServiceActor.swift:474:11: error: type of expression is ambiguous without a type annotation",
      "    |           `- error: type of expression is ambiguous without a type annotation",
      "packages/UmbraImplementations/Sources/SecurityCryptoServices/ActorTypes/CryptoServiceActor.swift:542:45: error: value of type 'SecurityConfigDTO' has no member 'algorithm'",
      "    |                                             `- error: value of type 'SecurityConfigDTO' has no member 'algorithm'",
      "packages/UmbraImplementations/Sources/SecurityCryptoServices/ActorTypes/CryptoServiceActor.swift:554:11: error: type of expression is ambiguous without a type annotation",
      "    |           `- error: type of expression is ambiguous without a type annotation",
      "packages/UmbraImplementations/Sources/SecurityCryptoServices/ActorTypes/CryptoServiceActor.swift:672:20: error: type 'Any' has no member 'string'",
      "    |                    `- error: type 'Any' has no member 'string'",
      "packages/UmbraImplementations/Sources/SecurityCryptoServices/ActorTypes/CryptoServiceActor.swift:673:20: error: type 'Any' has no member 'string'",
      "    |                    `- error: type 'Any' has no member 'string'",
      "packages/UmbraImplementations/Sources/SecurityCryptoServices/ActorTypes/CryptoServiceActor.swift:682:20: error: type 'Any' has no member 'string'",
      "    |                    `- error: type 'Any' has no member 'string'",
      "packages/UmbraImplementations/Sources/SecurityCryptoServices/ActorTypes/CryptoServiceActor.swift:683:20: error: type 'Any' has no member 'string'",
      "    |                    `- error: type 'Any' has no member 'string'",
      "packages/UmbraImplementations/Sources/SecurityCryptoServices/ActorTypes/CryptoServiceActor.swift:692:20: error: type 'Any' has no member 'string'",
      "    |                    `- error: type 'Any' has no member 'string'",
      "packages/UmbraImplementations/Sources/SecurityCryptoServices/ActorTypes/CryptoServiceActor.swift:693:20: error: type 'Any' has no member 'string'",
      "    |                    `- error: type 'Any' has no member 'string'",
      "packages/UmbraImplementations/Sources/SecurityCryptoServices/ActorTypes/CryptoServiceActor.swift:702:20: error: type 'Any' has no member 'string'",
      "    |                    `- error: type 'Any' has no member 'string'",
      "packages/UmbraImplementations/Sources/SecurityCryptoServices/ActorTypes/CryptoServiceActor.swift:703:20: error: type 'Any' has no member 'string'",
      "    |                    `- error: type 'Any' has no member 'string'",
      "packages/UmbraImplementations/Sources/SecurityCryptoServices/ActorTypes/ProviderRegistryActor.swift:131:28: error: type 'SecurityProviderType' has no member 'apple'",
      "    |                            `- error: type 'SecurityProviderType' has no member 'apple'",
      "packages/UmbraImplementations/Sources/SecurityCryptoServices/ActorTypes/ProviderRegistryActor.swift:176:76: error: value of type 'SecurityProviderType' has no member 'description'",
      "    |                                                                            `- error: value of type 'SecurityProviderType' has no member 'description'",
      "packages/UmbraImplementations/Sources/SecurityCryptoServices/ActorTypes/ProviderRegistryActor.swift:227:82: error: value of type 'SecurityProviderType' has no member 'description'",
      "    |                                                                                  `- error: value of type 'SecurityProviderType' has no member 'description'",
      "packages/UmbraImplementations/Sources/SecurityCryptoServices/ActorTypes/ProviderRegistryActor.swift:244:97: error: value of type 'SecurityProviderType' has no member 'description'",
      "    |                                                                                                 `- error: value of type 'SecurityProviderType' has no member 'description'",
      "packages/UmbraImplementations/Sources/SecurityCryptoServices/ActorTypes/ProviderRegistryActor.swift:282:81: error: value of type 'SecurityProviderType' has no member 'description'",
      "    |                                                                                 `- error: value of type 'SecurityProviderType' has no member 'description'",
      "packages/UmbraImplementations/Sources/SecurityCryptoServices/ActorTypes/ProviderRegistryActor.swift:302:53: error: value of type 'SecurityProviderType' has no member 'description'",
      "    |                                                     `- error: value of type 'SecurityProviderType' has no member 'description'",
      "packages/UmbraImplementations/Sources/SecurityCryptoServices/ActorTypes/ProviderRegistryActor.swift:320:63: error: value of type 'SecurityProviderType' has no member 'description'",
      "    |                                                               `- error: value of type 'SecurityProviderType' has no member 'description'",
      "packages/UmbraImplementations/Sources/SecurityCryptoServices/ActorTypes/ProviderRegistryActor.swift:354:70: error: value of type 'SecurityProviderType' has no member 'description'",
      "    |                                                                      `- error: value of type 'SecurityProviderType' has no member 'description'",
      "packages/UmbraImplementations/Sources/SecurityCryptoServices/ActorTypes/ProviderRegistryActor.swift:368:39: error: type 'SecurityProviderType' has no member 'apple'",
      "    |                                       `- error: type 'SecurityProviderType' has no member 'apple'",
      "packages/UmbraImplementations/Sources/CryptoXPCServices/CryptoXPCServiceActor.swift:624:16: error: 'HashAlgorithm' is ambiguous for type lookup in this context",
      "    |                `- error: 'HashAlgorithm' is ambiguous for type lookup in this context",
      "packages/UmbraImplementations/Sources/CryptoXPCServices/CryptoXPCServiceActor.swift:624:16: error: 'HashAlgorithm' is ambiguous for type lookup in this context",
      "    |                `- error: 'HashAlgorithm' is ambiguous for type lookup in this context",
      "packages/UmbraImplementations/Sources/CryptoXPCServices/CryptoXPCServiceActor.swift:83:58: error: value of type 'SecureBytes' has no member 'bytes'",
      "    |                                                          `- error: value of type 'SecureBytes' has no member 'bytes'",
      "packages/UmbraImplementations/Sources/CryptoXPCServices/CryptoXPCServiceActor.swift:88:17: error: module 'UmbraErrors' has no member named 'Crypto'",
      "    |                 `- error: module 'UmbraErrors' has no member named 'Crypto'",
      "packages/UmbraImplementations/Sources/CryptoXPCServices/CryptoXPCServiceActor.swift:121:25: error: module 'UmbraErrors' has no member named 'Crypto'",
      "    |                         `- error: module 'UmbraErrors' has no member named 'Crypto'",
      "packages/UmbraImplementations/Sources/CryptoXPCServices/CryptoXPCServiceActor.swift:149:67: error: value of type 'SecureBytes' has no member 'bytes'",
      "    |                                                                   `- error: value of type 'SecureBytes' has no member 'bytes'",
      "packages/UmbraImplementations/Sources/CryptoXPCServices/CryptoXPCServiceActor.swift:154:17: error: module 'UmbraErrors' has no member named 'Crypto'",
      "    |                 `- error: module 'UmbraErrors' has no member named 'Crypto'",
      "packages/UmbraImplementations/Sources/CryptoXPCServices/CryptoXPCServiceActor.swift:191:25: error: module 'UmbraErrors' has no member named 'Crypto'",
      "    |                         `- error: module 'UmbraErrors' has no member named 'Crypto'",
      "packages/UmbraImplementations/Sources/CryptoXPCServices/CryptoXPCServiceActor.swift:250:29: error: module 'UmbraErrors' has no member named 'Crypto'",
      "    |                             `- error: module 'UmbraErrors' has no member named 'Crypto'",
      "packages/UmbraImplementations/Sources/CryptoXPCServices/CryptoXPCServiceActor.swift:287:17: error: module 'UmbraErrors' has no member named 'Crypto'",
      "    |                 `- error: module 'UmbraErrors' has no member named 'Crypto'",
      "packages/UmbraImplementations/Sources/CryptoXPCServices/CryptoXPCServiceActor.swift:308:25: error: module 'UmbraErrors' has no member named 'Crypto'",
      "    |                         `- error: module 'UmbraErrors' has no member named 'Crypto'",
      "packages/UmbraImplementations/Sources/CryptoXPCServices/CryptoXPCServiceActor.swift:333:64: error: value of type 'SecureBytes' has no member 'bytes'",
      "    |                                                                `- error: value of type 'SecureBytes' has no member 'bytes'",
      "packages/UmbraImplementations/Sources/CryptoXPCServices/CryptoXPCServiceActor.swift:355:29: error: module 'UmbraErrors' has no member named 'Crypto'",
      "    |                             `- error: module 'UmbraErrors' has no member named 'Crypto'",
      "packages/UmbraImplementations/Sources/CryptoXPCServices/CryptoXPCServiceActor.swift:392:17: error: module 'UmbraErrors' has no member named 'Crypto'",
      "    |                 `- error: module 'UmbraErrors' has no member named 'Crypto'",
      "packages/UmbraImplementations/Sources/CryptoXPCServices/CryptoXPCServiceActor.swift:413:25: error: module 'UmbraErrors' has no member named 'Crypto'",
      "    |                         `- error: module 'UmbraErrors' has no member named 'Crypto'",
      "packages/UmbraImplementations/Sources/CryptoXPCServices/CryptoXPCServiceActor.swift:443:58: error: value of type 'SecureBytes' has no member 'bytes'",
      "    |                                                          `- error: value of type 'SecureBytes' has no member 'bytes'",
      "packages/UmbraImplementations/Sources/CryptoXPCServices/CryptoXPCServiceActor.swift:448:17: error: module 'UmbraErrors' has no member named 'Crypto'",
      "    |                 `- error: module 'UmbraErrors' has no member named 'Crypto'",
      "packages/UmbraImplementations/Sources/CryptoXPCServices/CryptoXPCServiceActor.swift:481:25: error: module 'UmbraErrors' has no member named 'Crypto'",
      "    |                         `- error: module 'UmbraErrors' has no member named 'Crypto'",
      "packages/UmbraImplementations/Sources/CryptoXPCServices/CryptoXPCServiceActor.swift:511:58: error: value of type 'SecureBytes' has no member 'bytes'",
      "    |                                                          `- error: value of type 'SecureBytes' has no member 'bytes'",
      "packages/UmbraImplementations/Sources/CryptoXPCServices/CryptoXPCServiceActor.swift:512:68: error: value of type 'SecureBytes' has no member 'bytes'",
      "    |                                                                    `- error: value of type 'SecureBytes' has no member 'bytes'",
      "packages/UmbraImplementations/Sources/CryptoXPCServices/CryptoXPCServiceActor.swift:517:17: error: module 'UmbraErrors' has no member named 'Crypto'",
      "    |                 `- error: module 'UmbraErrors' has no member named 'Crypto'",
      "packages/UmbraImplementations/Sources/CryptoXPCServices/CryptoXPCServiceActor.swift:555:25: error: module 'UmbraErrors' has no member named 'Crypto'",
      "    |                         `- error: module 'UmbraErrors' has no member named 'Crypto'",
      "packages/UmbraImplementations/Sources/CryptoXPCServices/CryptoXPCServiceActor.swift:584:17: error: module 'UmbraErrors' has no member named 'Crypto'",
      "    |                 `- error: module 'UmbraErrors' has no member named 'Crypto'",
      "packages/UmbraImplementations/Sources/CryptoXPCServices/CryptoXPCServiceActor.swift:629:58: error: value of type 'SecureBytes' has no member 'bytes'",
      "    |                                                          `- error: value of type 'SecureBytes' has no member 'bytes'",
      "packages/UmbraImplementations/Sources/ResticServices/Implementation/ResticServiceImpl.swift:565:53: error: value of type 'ResticError' has no member 'logDescription'",
      "    |                                                     `- error: value of type 'ResticError' has no member 'logDescription'",
      "packages/UmbraImplementations/Sources/ResticServices/Implementation/ResticServiceImpl.swift:604:24: error: type 'Any' has no member 'string'",
      "    |                        `- error: type 'Any' has no member 'string'",
      "packages/UmbraImplementations/Sources/ResticServices/Implementation/ResticServiceImpl.swift:605:19: error: type 'Any' has no member 'array'",
      "    |                   `- error: type 'Any' has no member 'array'",
      "packages/UmbraImplementations/Sources/ResticServices/Implementation/ResticServiceImpl.swift:606:22: error: type 'Any' has no member 'array'",
      "    |                      `- error: type 'Any' has no member 'array'",
      "packages/UmbraImplementations/Sources/ResticServices/Implementation/ResticServiceImpl.swift:687:53: error: value of type 'ResticError' has no member 'logDescription'",
      "    |                                                     `- error: value of type 'ResticError' has no member 'logDescription'"
    ],
    "Equatable Conformance Issues": [
      "packages/UmbraImplementations/Sources/SecurityCryptoServices/ActorTypes/CryptoServiceActor.swift:713:15: error: type 'FallbackEncryptionProvider' does not conform to protocol 'EncryptionProviderProtocol'",
      "    |               |- error: type 'FallbackEncryptionProvider' does not conform to protocol 'EncryptionProviderProtocol'",
      "packages/UmbraImplementations/Sources/SecurityCryptoServices/ActorTypes/CryptoServiceActor.swift:713:15: error: type 'FallbackEncryptionProvider' does not conform to protocol 'EncryptionProviderProtocol'",
      "    |               |- error: type 'FallbackEncryptionProvider' does not conform to protocol 'EncryptionProviderProtocol'",
      "packages/UmbraImplementations/Sources/SecurityCryptoServices/ActorTypes/CryptoServiceActor.swift:170:12: error: type 'SecurityProtocolError' has no member 'cryptographicError'",
      "    |            `- error: type 'SecurityProtocolError' has no member 'cryptographicError'",
      "packages/UmbraImplementations/Sources/SecurityCryptoServices/ActorTypes/CryptoServiceActor.swift:208:14: error: type 'SecurityProtocolError' has no member 'cryptographicError'",
      "    |              `- error: type 'SecurityProtocolError' has no member 'cryptographicError'",
      "packages/UmbraImplementations/Sources/SecurityCryptoServices/ActorTypes/CryptoServiceActor.swift:241:45: error: type 'SecurityProtocolError' has no member 'invalidInput'",
      "    |                                             `- error: type 'SecurityProtocolError' has no member 'invalidInput'",
      "packages/UmbraImplementations/Sources/SecurityCryptoServices/ActorTypes/CryptoServiceActor.swift:277:14: error: type 'SecurityProtocolError' has no member 'cryptographicError'",
      "    |              `- error: type 'SecurityProtocolError' has no member 'cryptographicError'",
      "packages/UmbraImplementations/Sources/SecurityCryptoServices/ActorTypes/CryptoServiceActor.swift:327:14: error: type 'SecurityProtocolError' has no member 'cryptographicError'",
      "    |              `- error: type 'SecurityProtocolError' has no member 'cryptographicError'",
      "packages/UmbraImplementations/Sources/SecurityCryptoServices/ActorTypes/CryptoServiceActor.swift:380:14: error: type 'SecurityProtocolError' has no member 'cryptographicError'",
      "    |              `- error: type 'SecurityProtocolError' has no member 'cryptographicError'",
      "packages/UmbraImplementations/Sources/SecurityCryptoServices/ActorTypes/CryptoServiceActor.swift:440:14: error: type 'SecurityProtocolError' has no member 'cryptographicError'",
      "    |              `- error: type 'SecurityProtocolError' has no member 'cryptographicError'",
      "packages/UmbraImplementations/Sources/SecurityCryptoServices/ActorTypes/CryptoServiceActor.swift:515:14: error: type 'SecurityProtocolError' has no member 'cryptographicError'",
      "    |              `- error: type 'SecurityProtocolError' has no member 'cryptographicError'",
      "packages/UmbraImplementations/Sources/SecurityCryptoServices/ActorTypes/CryptoServiceActor.swift:595:14: error: type 'SecurityProtocolError' has no member 'cryptographicError'",
      "    |              `- error: type 'SecurityProtocolError' has no member 'cryptographicError'",
      "packages/UmbraImplementations/Sources/SecurityCryptoServices/ActorTypes/CryptoServiceActor.swift:629:35: error: value of type 'any EncryptionProviderProtocol' has no member 'generateRandom'",
      "    |                                   `- error: value of type 'any EncryptionProviderProtocol' has no member 'generateRandom'",
      "packages/UmbraImplementations/Sources/SecurityCryptoServices/ActorTypes/CryptoServiceActor.swift:648:14: error: type 'SecurityProtocolError' has no member 'cryptographicError'",
      "    |              `- error: type 'SecurityProtocolError' has no member 'cryptographicError'",
      "packages/UmbraImplementations/Sources/SecurityCryptoServices/ActorTypes/CryptoServiceActor.swift:747:35: error: type 'SecurityProtocolError' has no member 'cryptographicError'",
      "    |                                   `- error: type 'SecurityProtocolError' has no member 'cryptographicError'",
      "packages/UmbraImplementations/Sources/SecurityCryptoServices/ActorTypes/CryptoServiceActor.swift:758:35: error: type 'SecurityProtocolError' has no member 'cryptographicError'",
      "    |                                   `- error: type 'SecurityProtocolError' has no member 'cryptographicError'",
      "packages/UmbraImplementations/Sources/SecurityCryptoServices/ActorTypes/CryptoServiceActor.swift:769:35: error: type 'SecurityProtocolError' has no member 'cryptographicError'",
      "    |                                   `- error: type 'SecurityProtocolError' has no member 'cryptographicError'",
      "packages/UmbraImplementations/Sources/SecurityCryptoServices/ActorTypes/ProviderRegistryActor.swift:243:10: error: type 'SecurityProtocolError' has no member 'unsupportedOperation'",
      "    |          `- error: type 'SecurityProtocolError' has no member 'unsupportedOperation'",
      "packages/UmbraImplementations/Sources/SecurityCryptoServices/ActorTypes/ProviderRegistryActor.swift:334:33: error: type 'SecurityProtocolError' has no member 'unsupportedOperation'",
      "    |                                 `- error: type 'SecurityProtocolError' has no member 'unsupportedOperation'",
      "packages/UmbraImplementations/Sources/SecurityCryptoServices/ActorTypes/ProviderRegistryActor.swift:385:33: error: type 'SecurityProtocolError' has no member 'unsupportedOperation'",
      "    |                                 `- error: type 'SecurityProtocolError' has no member 'unsupportedOperation'",
      "packages/UmbraImplementations/Sources/CryptoXPCServices/CryptoServiceMonitor.swift:22:36: error: cannot find type 'CryptoServiceMonitorProtocol' in scope",
      "    |                                    `- error: cannot find type 'CryptoServiceMonitorProtocol' in scope",
      "packages/UmbraImplementations/Sources/CryptoXPCServices/CryptoXPCServiceActor.swift:36:31: error: cannot find type 'CryptoProviderProtocol' in scope",
      "    |                               `- error: cannot find type 'CryptoProviderProtocol' in scope",
      "packages/UmbraImplementations/Sources/CryptoXPCServices/CryptoXPCServiceActor.swift:39:25: error: cannot find type 'KeyStoreProtocol' in scope",
      "    |                         `- error: cannot find type 'KeyStoreProtocol' in scope",
      "packages/UmbraImplementations/Sources/CryptoXPCServices/CryptoXPCServiceActor.swift:52:21: error: cannot find type 'CryptoProviderProtocol' in scope",
      "    |                     `- error: cannot find type 'CryptoProviderProtocol' in scope",
      "packages/UmbraImplementations/Sources/CryptoXPCServices/CryptoXPCServiceActor.swift:53:15: error: cannot find type 'KeyStoreProtocol' in scope",
      "    |               `- error: cannot find type 'KeyStoreProtocol' in scope",
      "packages/UmbraImplementations/Sources/CryptoXPCServices/CryptoXPCServiceActor.swift:26:37: error: cannot find type 'CryptoXPCServiceProtocol' in scope",
      "    |                                     `- error: cannot find type 'CryptoXPCServiceProtocol' in scope",
      "packages/UmbraImplementations/Sources/CryptoXPCServices/CryptoXPCServiceFactory.swift:55:21: error: cannot find type 'CryptoProviderProtocol' in scope",
      "   |                     `- error: cannot find type 'CryptoProviderProtocol' in scope",
      "packages/UmbraImplementations/Sources/CryptoXPCServices/CryptoXPCServiceFactory.swift:56:15: error: cannot find type 'KeyStoreProtocol' in scope",
      "   |               `- error: cannot find type 'KeyStoreProtocol' in scope",
      "packages/UmbraImplementations/Sources/CryptoXPCServices/CryptoServiceMonitor.swift:22:36: error: cannot find type 'CryptoServiceMonitorProtocol' in scope",
      "    |                                    `- error: cannot find type 'CryptoServiceMonitorProtocol' in scope",
      "packages/UmbraImplementations/Sources/CryptoXPCServices/CryptoXPCServiceActor.swift:36:31: error: cannot find type 'CryptoProviderProtocol' in scope",
      "    |                               `- error: cannot find type 'CryptoProviderProtocol' in scope",
      "packages/UmbraImplementations/Sources/CryptoXPCServices/CryptoXPCServiceActor.swift:39:25: error: cannot find type 'KeyStoreProtocol' in scope",
      "    |                         `- error: cannot find type 'KeyStoreProtocol' in scope",
      "packages/UmbraImplementations/Sources/CryptoXPCServices/CryptoXPCServiceActor.swift:52:21: error: cannot find type 'CryptoProviderProtocol' in scope",
      "    |                     `- error: cannot find type 'CryptoProviderProtocol' in scope",
      "packages/UmbraImplementations/Sources/CryptoXPCServices/CryptoXPCServiceActor.swift:53:15: error: cannot find type 'KeyStoreProtocol' in scope",
      "    |               `- error: cannot find type 'KeyStoreProtocol' in scope",
      "packages/UmbraImplementations/Sources/CryptoXPCServices/CryptoXPCServiceActor.swift:26:37: error: cannot find type 'CryptoXPCServiceProtocol' in scope",
      "    |                                     `- error: cannot find type 'CryptoXPCServiceProtocol' in scope",
      "packages/UmbraImplementations/Sources/CryptoXPCServices/CryptoXPCServiceFactory.swift:55:21: error: cannot find type 'CryptoProviderProtocol' in scope",
      "   |                     `- error: cannot find type 'CryptoProviderProtocol' in scope",
      "packages/UmbraImplementations/Sources/CryptoXPCServices/CryptoXPCServiceFactory.swift:56:15: error: cannot find type 'KeyStoreProtocol' in scope",
      "   |               `- error: cannot find type 'KeyStoreProtocol' in scope",
      "packages/UmbraImplementations/Sources/ResticServices/Implementation/ResticServiceImpl.swift:15:14: error: actor-isolated property 'defaultRepository' cannot be used to satisfy nonisolated requirement from protocol 'ResticServiceProtocol'",
      "    |              `- error: actor-isolated property 'defaultRepository' cannot be used to satisfy nonisolated requirement from protocol 'ResticServiceProtocol'",
      "packages/UmbraImplementations/Sources/ResticServices/Implementation/ResticServiceImpl.swift:22:14: error: actor-isolated property 'defaultPassword' cannot be used to satisfy nonisolated requirement from protocol 'ResticServiceProtocol'",
      "    |              `- error: actor-isolated property 'defaultPassword' cannot be used to satisfy nonisolated requirement from protocol 'ResticServiceProtocol'",
      "packages/UmbraImplementations/Sources/ResticServices/Implementation/ResticServiceImpl.swift:29:14: error: actor-isolated property 'progressDelegate' cannot be used to satisfy nonisolated requirement from protocol 'ResticServiceProtocol'",
      "    |              `- error: actor-isolated property 'progressDelegate' cannot be used to satisfy nonisolated requirement from protocol 'ResticServiceProtocol'",
      "packages/UmbraImplementations/Sources/ResticServices/Implementation/ResticServiceImpl.swift:10:30: error: type 'ResticServiceImpl' does not conform to protocol 'ResticServiceProtocol'",
      "    |                              |- error: type 'ResticServiceImpl' does not conform to protocol 'ResticServiceProtocol'",
      "packages/UmbraImplementations/Sources/ResticServices/Logging/ResticLogger.swift:12:15: error: type 'ResticLogger' does not conform to protocol 'DomainLogger'",
      "    |               `- error: type 'ResticLogger' does not conform to protocol 'DomainLogger'",
      "packages/UmbraImplementations/Sources/ResticServices/Logging/ResticLogger.swift:12:15: error: type 'ResticLogger' does not conform to protocol 'PrivacyAwareLoggingProtocol'",
      "    |               |- error: type 'ResticLogger' does not conform to protocol 'PrivacyAwareLoggingProtocol'",
      "packages/UmbraImplementations/Sources/ResticServices/Credentials/KeychainResticCredentialManager.swift:142:26: error: value of type 'any KeychainSecurityProtocol' has no member 'removeItem'",
      "    |                          `- error: value of type 'any KeychainSecurityProtocol' has no member 'removeItem'",
      "packages/UmbraImplementations/Sources/ResticServices/Implementation/ResticServiceImpl.swift:15:14: error: actor-isolated property 'defaultRepository' cannot be used to satisfy nonisolated requirement from protocol 'ResticServiceProtocol'",
      "    |              `- error: actor-isolated property 'defaultRepository' cannot be used to satisfy nonisolated requirement from protocol 'ResticServiceProtocol'",
      "packages/UmbraImplementations/Sources/ResticServices/Implementation/ResticServiceImpl.swift:22:14: error: actor-isolated property 'defaultPassword' cannot be used to satisfy nonisolated requirement from protocol 'ResticServiceProtocol'",
      "    |              `- error: actor-isolated property 'defaultPassword' cannot be used to satisfy nonisolated requirement from protocol 'ResticServiceProtocol'",
      "packages/UmbraImplementations/Sources/ResticServices/Implementation/ResticServiceImpl.swift:29:14: error: actor-isolated property 'progressDelegate' cannot be used to satisfy nonisolated requirement from protocol 'ResticServiceProtocol'",
      "    |              `- error: actor-isolated property 'progressDelegate' cannot be used to satisfy nonisolated requirement from protocol 'ResticServiceProtocol'",
      "packages/UmbraImplementations/Sources/ResticServices/Implementation/ResticServiceImpl.swift:10:30: error: type 'ResticServiceImpl' does not conform to protocol 'ResticServiceProtocol'",
      "    |                              |- error: type 'ResticServiceImpl' does not conform to protocol 'ResticServiceProtocol'",
      "packages/UmbraImplementations/Sources/ResticServices/Logging/ResticLogger.swift:12:15: error: type 'ResticLogger' does not conform to protocol 'DomainLogger'",
      "    |               `- error: type 'ResticLogger' does not conform to protocol 'DomainLogger'",
      "packages/UmbraImplementations/Sources/ResticServices/Logging/ResticLogger.swift:12:15: error: type 'ResticLogger' does not conform to protocol 'PrivacyAwareLoggingProtocol'",
      "    |               |- error: type 'ResticLogger' does not conform to protocol 'PrivacyAwareLoggingProtocol'"
    ],
    "Data Type Issues": [
      "packages/UmbraImplementations/Sources/CryptoXPCServices/CryptoXPCServiceActor.swift:213:15: error: cannot find type 'KeyMetadataDTO' in scope",
      "    |               `- error: cannot find type 'KeyMetadataDTO' in scope",
      "packages/UmbraImplementations/Sources/CryptoXPCServices/CryptoXPCServiceActor.swift:328:15: error: cannot find type 'KeyMetadataDTO' in scope",
      "    |               `- error: cannot find type 'KeyMetadataDTO' in scope",
      "packages/UmbraImplementations/Sources/CryptoXPCServices/CryptoServiceMonitor.swift:265:17: error: cannot convert value of type 'LogMetadataDTOCollection?' to expected argument type 'PrivacyMetadata?'",
      "    |                 `- error: cannot convert value of type 'LogMetadataDTOCollection?' to expected argument type 'PrivacyMetadata?'",
      "packages/UmbraImplementations/Sources/CryptoXPCServices/CryptoServiceMonitor.swift:276:17: error: cannot convert value of type 'LogMetadataDTOCollection?' to expected argument type 'PrivacyMetadata?'",
      "    |                 `- error: cannot convert value of type 'LogMetadataDTOCollection?' to expected argument type 'PrivacyMetadata?'",
      "packages/UmbraImplementations/Sources/CryptoXPCServices/CryptoServiceMonitor.swift:291:17: error: cannot convert value of type 'LogMetadataDTOCollection' to expected argument type 'PrivacyMetadata'",
      "    |                 `- error: cannot convert value of type 'LogMetadataDTOCollection' to expected argument type 'PrivacyMetadata'",
      "packages/UmbraImplementations/Sources/CryptoXPCServices/CryptoServiceMonitor.swift:306:17: error: cannot convert value of type 'LogMetadataDTOCollection' to expected argument type 'PrivacyMetadata'",
      "    |                 `- error: cannot convert value of type 'LogMetadataDTOCollection' to expected argument type 'PrivacyMetadata'",
      "packages/UmbraImplementations/Sources/CryptoXPCServices/CryptoXPCServiceActor.swift:213:15: error: cannot find type 'KeyMetadataDTO' in scope",
      "    |               `- error: cannot find type 'KeyMetadataDTO' in scope",
      "packages/UmbraImplementations/Sources/CryptoXPCServices/CryptoXPCServiceActor.swift:328:15: error: cannot find type 'KeyMetadataDTO' in scope",
      "    |               `- error: cannot find type 'KeyMetadataDTO' in scope",
      "packages/UmbraImplementations/Sources/CryptoXPCServices/CryptoXPCServiceActor.swift:228:37: error: cannot find 'KeyMetadataDTO' in scope",
      "    |                                     `- error: cannot find 'KeyMetadataDTO' in scope",
      "packages/UmbraImplementations/Sources/CryptoXPCServices/CryptoXPCServiceActor.swift:677:17: error: cannot convert value of type 'LogMetadataDTOCollection?' to expected argument type 'PrivacyMetadata?'",
      "    |                 `- error: cannot convert value of type 'LogMetadataDTOCollection?' to expected argument type 'PrivacyMetadata?'",
      "packages/UmbraImplementations/Sources/CryptoXPCServices/CryptoXPCServiceActor.swift:688:17: error: cannot convert value of type 'LogMetadataDTOCollection?' to expected argument type 'PrivacyMetadata?'",
      "    |                 `- error: cannot convert value of type 'LogMetadataDTOCollection?' to expected argument type 'PrivacyMetadata?'",
      "packages/UmbraImplementations/Sources/CryptoXPCServices/CryptoXPCServiceActor.swift:703:17: error: cannot convert value of type 'LogMetadataDTOCollection' to expected argument type 'PrivacyMetadata'",
      "    |                 `- error: cannot convert value of type 'LogMetadataDTOCollection' to expected argument type 'PrivacyMetadata'",
      "packages/UmbraInterfaces/Sources/FileSystemInterfaces/Types/FileMetadata.swift:24:65: error: expected ']' in array type",
      "packages/UmbraInterfaces/Sources/FileSystemInterfaces/Types/FileMetadata.swift:24:65: error: consecutive declarations on a line must be separated by ';'",
      "packages/UmbraInterfaces/Sources/FileSystemInterfaces/Types/FileMetadata.swift:24:65: error: expected declaration",
      "packages/UmbraInterfaces/Sources/FileSystemInterfaces/Types/FileMetadata.swift:24:30: error: 'unchecked' attribute only applies in inheritance clauses",
      "packages/UmbraInterfaces/Sources/FileSystemInterfaces/Types/FileMetadata.swift:24:65: error: expected ']' in array type",
      "packages/UmbraInterfaces/Sources/FileSystemInterfaces/Types/FileMetadata.swift:24:65: error: consecutive declarations on a line must be separated by ';'",
      "packages/UmbraInterfaces/Sources/FileSystemInterfaces/Types/FileMetadata.swift:24:65: error: expected declaration",
      "packages/UmbraInterfaces/Sources/FileSystemInterfaces/Types/FileMetadata.swift:24:30: error: 'unchecked' attribute only applies in inheritance clauses",
      "packages/UmbraImplementations/Sources/ResticServices/Implementation/ResticServiceImpl.swift:603:17: error: extra argument 'metadata' in call",
      "    |                 `- error: extra argument 'metadata' in call",
      "packages/UmbraImplementations/Sources/ResticServices/Implementation/ResticServiceImpl.swift:816:34: error: for-in loop requires '() -> Dictionary<String, PrivacyMetadataValue>.Keys' to conform to 'Sequence'",
      "    |                                  `- error: for-in loop requires '() -> Dictionary<String, PrivacyMetadataValue>.Keys' to conform to 'Sequence'"
    ]
  },
  "warnings": {
    "Sendable Warnings": [
      "packages/UmbraImplementations/Sources/SecurityCryptoServices/ActorTypes/CryptoServiceActor.swift:713:15: warning: non-final class 'FallbackEncryptionProvider' cannot conform to 'Sendable'; use '@unchecked Sendable'; this is an error in the Swift 6 language mode",
      "    |               `- warning: non-final class 'FallbackEncryptionProvider' cannot conform to 'Sendable'; use '@unchecked Sendable'; this is an error in the Swift 6 language mode",
      "packages/UmbraImplementations/Sources/SecurityCryptoServices/ActorTypes/CryptoServiceActor.swift:713:15: warning: non-final class 'FallbackEncryptionProvider' cannot conform to 'Sendable'; use '@unchecked Sendable'; this is an error in the Swift 6 language mode",
      "    |               `- warning: non-final class 'FallbackEncryptionProvider' cannot conform to 'Sendable'; use '@unchecked Sendable'; this is an error in the Swift 6 language mode"
    ],
    "Data Security Warnings": [
      "packages/UmbraImplementations/Sources/CryptoXPCServices/CryptoXPCServiceActor.swift:75:11: warning: 'SecureBytes' is deprecated: Use actor-based SecureStorage instead",
      "    |           `- warning: 'SecureBytes' is deprecated: Use actor-based SecureStorage instead",
      "packages/UmbraImplementations/Sources/CryptoXPCServices/CryptoXPCServiceActor.swift:141:20: warning: 'SecureBytes' is deprecated: Use actor-based SecureStorage instead",
      "    |                    `- warning: 'SecureBytes' is deprecated: Use actor-based SecureStorage instead",
      "packages/UmbraImplementations/Sources/CryptoXPCServices/CryptoXPCServiceActor.swift:327:14: warning: 'SecureBytes' is deprecated: Use actor-based SecureStorage instead",
      "    |              `- warning: 'SecureBytes' is deprecated: Use actor-based SecureStorage instead",
      "packages/UmbraImplementations/Sources/CryptoXPCServices/CryptoXPCServiceActor.swift:435:11: warning: 'SecureBytes' is deprecated: Use actor-based SecureStorage instead",
      "    |           `- warning: 'SecureBytes' is deprecated: Use actor-based SecureStorage instead",
      "packages/UmbraImplementations/Sources/CryptoXPCServices/CryptoXPCServiceActor.swift:502:16: warning: 'SecureBytes' is deprecated: Use actor-based SecureStorage instead",
      "    |                `- warning: 'SecureBytes' is deprecated: Use actor-based SecureStorage instead",
      "packages/UmbraImplementations/Sources/CryptoXPCServices/CryptoXPCServiceActor.swift:503:11: warning: 'SecureBytes' is deprecated: Use actor-based SecureStorage instead",
      "    |           `- warning: 'SecureBytes' is deprecated: Use actor-based SecureStorage instead",
      "packages/UmbraImplementations/Sources/CryptoXPCServices/CryptoXPCServiceActor.swift:623:11: warning: 'SecureBytes' is deprecated: Use actor-based SecureStorage instead",
      "    |           `- warning: 'SecureBytes' is deprecated: Use actor-based SecureStorage instead",
      "packages/UmbraImplementations/Sources/CryptoXPCServices/CryptoXPCServiceActor.swift:75:11: warning: 'SecureBytes' is deprecated: Use actor-based SecureStorage instead",
      "    |           `- warning: 'SecureBytes' is deprecated: Use actor-based SecureStorage instead",
      "packages/UmbraImplementations/Sources/CryptoXPCServices/CryptoXPCServiceActor.swift:141:20: warning: 'SecureBytes' is deprecated: Use actor-based SecureStorage instead",
      "    |                    `- warning: 'SecureBytes' is deprecated: Use actor-based SecureStorage instead",
      "packages/UmbraImplementations/Sources/CryptoXPCServices/CryptoXPCServiceActor.swift:327:14: warning: 'SecureBytes' is deprecated: Use actor-based SecureStorage instead",
      "    |              `- warning: 'SecureBytes' is deprecated: Use actor-based SecureStorage instead",
      "packages/UmbraImplementations/Sources/CryptoXPCServices/CryptoXPCServiceActor.swift:435:11: warning: 'SecureBytes' is deprecated: Use actor-based SecureStorage instead",
      "    |           `- warning: 'SecureBytes' is deprecated: Use actor-based SecureStorage instead",
      "packages/UmbraImplementations/Sources/CryptoXPCServices/CryptoXPCServiceActor.swift:502:16: warning: 'SecureBytes' is deprecated: Use actor-based SecureStorage instead",
      "    |                `- warning: 'SecureBytes' is deprecated: Use actor-based SecureStorage instead",
      "packages/UmbraImplementations/Sources/CryptoXPCServices/CryptoXPCServiceActor.swift:503:11: warning: 'SecureBytes' is deprecated: Use actor-based SecureStorage instead",
      "    |           `- warning: 'SecureBytes' is deprecated: Use actor-based SecureStorage instead",
      "packages/UmbraImplementations/Sources/CryptoXPCServices/CryptoXPCServiceActor.swift:623:11: warning: 'SecureBytes' is deprecated: Use actor-based SecureStorage instead",
      "    |           `- warning: 'SecureBytes' is deprecated: Use actor-based SecureStorage instead"
    ],
    "Other Warnings": [
      "packages/UmbraImplementations/Sources/LoggingWrapperServices/Logger.swift:620:17: warning: immutable value 'value' was never used; consider replacing with '_' or removing it",
      "    |                 `- warning: immutable value 'value' was never used; consider replacing with '_' or removing it",
      "packages/UmbraImplementations/Sources/ResticServices/Logging/ResticLogger.swift:46:35: warning: left side of nil coalescing operator '??' has non-optional type 'String', so the right side is never used",
      "    |                                   `- warning: left side of nil coalescing operator '??' has non-optional type 'String', so the right side is never used"
    ]
  },
  "fix_recommendations": {
    "missing_types": [
      {
        "type": "ambiguous_type",
        "name": "HashAlgorithm",
        "file": "packages/UmbraImplementations/Sources/CryptoXPCServices/CryptoXPCServiceActor.swift",
        "line": "624"
      },
      {
        "type": "ambiguous_type",
        "name": "HashAlgorithm",
        "file": "packages/UmbraImplementations/Sources/CryptoXPCServices/CryptoXPCServiceActor.swift",
        "line": "624"
      }
    ]
  }
}